#
# There is insufficient memory for the Java Runtime Environment to continue.
# Native memory allocation (malloc) failed to allocate 338976 bytes for Chunk::new
# Possible reasons:
#   The system is out of physical RAM or swap space
#   The process is running with CompressedOops enabled, and the Java Heap may be blocking the growth of the native heap
# Possible solutions:
#   Reduce memory load on the system
#   Increase physical memory or swap space
#   Check if swap backing store is full
#   Decrease Java heap size (-Xmx/-Xms)
#   Decrease number of Java threads
#   Decrease Java thread stack sizes (-Xss)
#   Set larger code cache with -XX:ReservedCodeCacheSize=
#   JVM is running with Unscaled Compressed Oops mode in which the Java heap is
#     placed in the first 4GB address space. The Java Heap base address is the
#     maximum limit for the native heap growth. Please use -XX:HeapBaseMinAddress
#     to set the Java Heap base and to place the Java Heap above 4GB virtual address.
# This output file may be truncated or incomplete.
#
#  Out of Memory Error (./open/src/hotspot/share/memory/arena.cpp:197), pid=12736, tid=11504
#
# JRE version: Java(TM) SE Runtime Environment 18.9 (11.0.10+8) (build 11.0.10+8-LTS-162)
# Java VM: Java HotSpot(TM) 64-Bit Server VM 18.9 (11.0.10+8-LTS-162, mixed mode, tiered, compressed oops, g1 gc, windows-amd64)
# No core dump will be written. Minidumps are not enabled by default on client versions of Windows
#

---------------  S U M M A R Y ------------

Command Line: -Dfile.encoding=Cp1252 ui.Main

Host: Intel(R) Core(TM) i5-1035G1 CPU @ 1.00GHz, 8 cores, 3G,  Windows 10 , 64 bit Build 19041 (10.0.19041.928)
Time: Fri Jun 11 14:23:18 2021 SE Asia Standard Time elapsed time: 0.162827 seconds (0d 0h 0m 0s)

---------------  T H R E A D  ---------------

Current thread (0x000002379e5d5000):  JavaThread "C2 CompilerThread0" daemon [_thread_in_native, id=11504, stack(0x0000006927600000,0x0000006927700000)]


Current CompileTask:
C2:    162  338       4       jdk.internal.org.objectweb.asm.Item::set (219 bytes)

Stack: [0x0000006927600000,0x0000006927700000]
Native frames: (J=compiled Java code, j=interpreted, Vv=VM code, C=native code)
V  [jvm.dll+0x613e6a]
V  [jvm.dll+0x74c1ff]
V  [jvm.dll+0x74d885]
V  [jvm.dll+0x74df03]
V  [jvm.dll+0x243b78]
V  [jvm.dll+0xba2cc]
V  [jvm.dll+0xba9cc]
V  [jvm.dll+0x2b4424]
V  [jvm.dll+0x52bfa6]
V  [jvm.dll+0x20555d]
V  [jvm.dll+0x1ff4aa]
V  [jvm.dll+0x1fc42f]
V  [jvm.dll+0x17f09c]
V  [jvm.dll+0x20bbd4]
V  [jvm.dll+0x209cab]
V  [jvm.dll+0x713619]
V  [jvm.dll+0x70c314]
V  [jvm.dll+0x613036]
C  [ucrtbase.dll+0x21bb2]
C  [KERNEL32.DLL+0x17034]
C  [ntdll.dll+0x52651]


---------------  P R O C E S S  ---------------

Threads class SMR info:
_java_thread_list=0x000002379f0ac740, length=10, elements={
0x0000023780085000, 0x000002379e59b800, 0x000002379e5c5000, 0x000002379e62b800,
0x000002379e62f000, 0x000002379e5d5000, 0x000002379e5d6000, 0x000002379e633000,
0x000002379f0d1000, 0x000002379f0d6000
}

Java Threads: ( => current thread )
  0x0000023780085000 JavaThread "main" [_thread_in_Java, id=12988, stack(0x0000006926b00000,0x0000006926c00000)]
  0x000002379e59b800 JavaThread "Reference Handler" daemon [_thread_blocked, id=11344, stack(0x0000006927200000,0x0000006927300000)]
  0x000002379e5c5000 JavaThread "Finalizer" daemon [_thread_blocked, id=10640, stack(0x0000006927300000,0x0000006927400000)]
  0x000002379e62b800 JavaThread "Signal Dispatcher" daemon [_thread_blocked, id=7604, stack(0x0000006927400000,0x0000006927500000)]
  0x000002379e62f000 JavaThread "Attach Listener" daemon [_thread_blocked, id=13120, stack(0x0000006927500000,0x0000006927600000)]
=>0x000002379e5d5000 JavaThread "C2 CompilerThread0" daemon [_thread_in_native, id=11504, stack(0x0000006927600000,0x0000006927700000)]
  0x000002379e5d6000 JavaThread "C1 CompilerThread0" daemon [_thread_in_vm, id=13576, stack(0x0000006927700000,0x0000006927800000)]
  0x000002379e633000 JavaThread "Sweeper thread" daemon [_thread_blocked, id=11952, stack(0x0000006927800000,0x0000006927900000)]
  0x000002379f0d1000 JavaThread "Service Thread" daemon [_thread_blocked, id=7856, stack(0x0000006927900000,0x0000006927a00000)]
  0x000002379f0d6000 JavaThread "Common-Cleaner" daemon [_thread_blocked, id=12868, stack(0x0000006927b00000,0x0000006927c00000)]

Other Threads:
  0x000002379e598800 VMThread "VM Thread" [stack: 0x0000006927100000,0x0000006927200000] [id=13668]
  0x000002379f0d5000 WatcherThread [stack: 0x0000006927a00000,0x0000006927b00000] [id=3112]
  0x000002378009a000 GCTaskThread "GC Thread#0" [stack: 0x0000006926c00000,0x0000006926d00000] [id=2000]
  0x00000237800b6000 ConcurrentGCThread "G1 Main Marker" [stack: 0x0000006926d00000,0x0000006926e00000] [id=10960]
  0x00000237800bb800 ConcurrentGCThread "G1 Conc#0" [stack: 0x0000006926e00000,0x0000006926f00000] [id=7308]
  0x0000023780111000 ConcurrentGCThread "G1 Refine#0" [stack: 0x0000006926f00000,0x0000006927000000] [id=10496]
  0x0000023780113000 ConcurrentGCThread "G1 Young RemSet Sampling" [stack: 0x0000006927000000,0x0000006927100000] [id=9072]

Threads with active compile tasks:
C2 CompilerThread0    200  338       4       jdk.internal.org.objectweb.asm.Item::set (219 bytes)
C1 CompilerThread0    201  381       3       java.lang.invoke.MethodType$ConcurrentWeakInternSet::add (66 bytes)

VM state:not at safepoint (normal execution)

VM Mutex/Monitor currently owned by a thread: None

Heap address: 0x00000000c3800000, size: 968 MB, Compressed Oops mode: 32-bit
Narrow klass base: 0x0000000000000000, Narrow klass shift: 3
Compressed class space size: 1073741824 Address: 0x0000000100000000

Heap:
 garbage-first heap   total 63488K, used 3072K [0x00000000c3800000, 0x0000000100000000)
  region size 1024K, 4 young (4096K), 0 survivors (0K)
 Metaspace       used 7491K, capacity 7658K, committed 7680K, reserved 1056768K
  class space    used 682K, capacity 751K, committed 768K, reserved 1048576K
Heap Regions: E=young(eden), S=young(survivor), O=old, HS=humongous(starts), HC=humongous(continues), CS=collection set, F=free, A=archive, TAMS=top-at-mark-start (previous, next)
|   0|0x00000000c3800000, 0x00000000c3800000, 0x00000000c3900000|  0%| F|  |TAMS 0x00000000c3800000, 0x00000000c3800000| Untracked 
|   1|0x00000000c3900000, 0x00000000c3900000, 0x00000000c3a00000|  0%| F|  |TAMS 0x00000000c3900000, 0x00000000c3900000| Untracked 
|   2|0x00000000c3a00000, 0x00000000c3a00000, 0x00000000c3b00000|  0%| F|  |TAMS 0x00000000c3a00000, 0x00000000c3a00000| Untracked 
|   3|0x00000000c3b00000, 0x00000000c3b00000, 0x00000000c3c00000|  0%| F|  |TAMS 0x00000000c3b00000, 0x00000000c3b00000| Untracked 
|   4|0x00000000c3c00000, 0x00000000c3c00000, 0x00000000c3d00000|  0%| F|  |TAMS 0x00000000c3c00000, 0x00000000c3c00000| Untracked 
|   5|0x00000000c3d00000, 0x00000000c3d00000, 0x00000000c3e00000|  0%| F|  |TAMS 0x00000000c3d00000, 0x00000000c3d00000| Untracked 
|   6|0x00000000c3e00000, 0x00000000c3e00000, 0x00000000c3f00000|  0%| F|  |TAMS 0x00000000c3e00000, 0x00000000c3e00000| Untracked 
|   7|0x00000000c3f00000, 0x00000000c3f00000, 0x00000000c4000000|  0%| F|  |TAMS 0x00000000c3f00000, 0x00000000c3f00000| Untracked 
|   8|0x00000000c4000000, 0x00000000c4000000, 0x00000000c4100000|  0%| F|  |TAMS 0x00000000c4000000, 0x00000000c4000000| Untracked 
|   9|0x00000000c4100000, 0x00000000c4100000, 0x00000000c4200000|  0%| F|  |TAMS 0x00000000c4100000, 0x00000000c4100000| Untracked 
|  10|0x00000000c4200000, 0x00000000c4200000, 0x00000000c4300000|  0%| F|  |TAMS 0x00000000c4200000, 0x00000000c4200000| Untracked 
|  11|0x00000000c4300000, 0x00000000c4300000, 0x00000000c4400000|  0%| F|  |TAMS 0x00000000c4300000, 0x00000000c4300000| Untracked 
|  12|0x00000000c4400000, 0x00000000c4400000, 0x00000000c4500000|  0%| F|  |TAMS 0x00000000c4400000, 0x00000000c4400000| Untracked 
|  13|0x00000000c4500000, 0x00000000c4500000, 0x00000000c4600000|  0%| F|  |TAMS 0x00000000c4500000, 0x00000000c4500000| Untracked 
|  14|0x00000000c4600000, 0x00000000c4600000, 0x00000000c4700000|  0%| F|  |TAMS 0x00000000c4600000, 0x00000000c4600000| Untracked 
|  15|0x00000000c4700000, 0x00000000c4700000, 0x00000000c4800000|  0%| F|  |TAMS 0x00000000c4700000, 0x00000000c4700000| Untracked 
|  16|0x00000000c4800000, 0x00000000c4800000, 0x00000000c4900000|  0%| F|  |TAMS 0x00000000c4800000, 0x00000000c4800000| Untracked 
|  17|0x00000000c4900000, 0x00000000c4900000, 0x00000000c4a00000|  0%| F|  |TAMS 0x00000000c4900000, 0x00000000c4900000| Untracked 
|  18|0x00000000c4a00000, 0x00000000c4a00000, 0x00000000c4b00000|  0%| F|  |TAMS 0x00000000c4a00000, 0x00000000c4a00000| Untracked 
|  19|0x00000000c4b00000, 0x00000000c4b00000, 0x00000000c4c00000|  0%| F|  |TAMS 0x00000000c4b00000, 0x00000000c4b00000| Untracked 
|  20|0x00000000c4c00000, 0x00000000c4c00000, 0x00000000c4d00000|  0%| F|  |TAMS 0x00000000c4c00000, 0x00000000c4c00000| Untracked 
|  21|0x00000000c4d00000, 0x00000000c4d00000, 0x00000000c4e00000|  0%| F|  |TAMS 0x00000000c4d00000, 0x00000000c4d00000| Untracked 
|  22|0x00000000c4e00000, 0x00000000c4e00000, 0x00000000c4f00000|  0%| F|  |TAMS 0x00000000c4e00000, 0x00000000c4e00000| Untracked 
|  23|0x00000000c4f00000, 0x00000000c4f00000, 0x00000000c5000000|  0%| F|  |TAMS 0x00000000c4f00000, 0x00000000c4f00000| Untracked 
|  24|0x00000000c5000000, 0x00000000c5000000, 0x00000000c5100000|  0%| F|  |TAMS 0x00000000c5000000, 0x00000000c5000000| Untracked 
|  25|0x00000000c5100000, 0x00000000c5100000, 0x00000000c5200000|  0%| F|  |TAMS 0x00000000c5100000, 0x00000000c5100000| Untracked 
|  26|0x00000000c5200000, 0x00000000c5200000, 0x00000000c5300000|  0%| F|  |TAMS 0x00000000c5200000, 0x00000000c5200000| Untracked 
|  27|0x00000000c5300000, 0x00000000c5300000, 0x00000000c5400000|  0%| F|  |TAMS 0x00000000c5300000, 0x00000000c5300000| Untracked 
|  28|0x00000000c5400000, 0x00000000c5400000, 0x00000000c5500000|  0%| F|  |TAMS 0x00000000c5400000, 0x00000000c5400000| Untracked 
|  29|0x00000000c5500000, 0x00000000c5500000, 0x00000000c5600000|  0%| F|  |TAMS 0x00000000c5500000, 0x00000000c5500000| Untracked 
|  30|0x00000000c5600000, 0x00000000c5600000, 0x00000000c5700000|  0%| F|  |TAMS 0x00000000c5600000, 0x00000000c5600000| Untracked 
|  31|0x00000000c5700000, 0x00000000c5700000, 0x00000000c5800000|  0%| F|  |TAMS 0x00000000c5700000, 0x00000000c5700000| Untracked 
|  32|0x00000000c5800000, 0x00000000c5800000, 0x00000000c5900000|  0%| F|  |TAMS 0x00000000c5800000, 0x00000000c5800000| Untracked 
|  33|0x00000000c5900000, 0x00000000c5900000, 0x00000000c5a00000|  0%| F|  |TAMS 0x00000000c5900000, 0x00000000c5900000| Untracked 
|  34|0x00000000c5a00000, 0x00000000c5a00000, 0x00000000c5b00000|  0%| F|  |TAMS 0x00000000c5a00000, 0x00000000c5a00000| Untracked 
|  35|0x00000000c5b00000, 0x00000000c5b00000, 0x00000000c5c00000|  0%| F|  |TAMS 0x00000000c5b00000, 0x00000000c5b00000| Untracked 
|  36|0x00000000c5c00000, 0x00000000c5c00000, 0x00000000c5d00000|  0%| F|  |TAMS 0x00000000c5c00000, 0x00000000c5c00000| Untracked 
|  37|0x00000000c5d00000, 0x00000000c5d00000, 0x00000000c5e00000|  0%| F|  |TAMS 0x00000000c5d00000, 0x00000000c5d00000| Untracked 
|  38|0x00000000c5e00000, 0x00000000c5e00000, 0x00000000c5f00000|  0%| F|  |TAMS 0x00000000c5e00000, 0x00000000c5e00000| Untracked 
|  39|0x00000000c5f00000, 0x00000000c5f00000, 0x00000000c6000000|  0%| F|  |TAMS 0x00000000c5f00000, 0x00000000c5f00000| Untracked 
|  40|0x00000000c6000000, 0x00000000c6000000, 0x00000000c6100000|  0%| F|  |TAMS 0x00000000c6000000, 0x00000000c6000000| Untracked 
|  41|0x00000000c6100000, 0x00000000c6100000, 0x00000000c6200000|  0%| F|  |TAMS 0x00000000c6100000, 0x00000000c6100000| Untracked 
|  42|0x00000000c6200000, 0x00000000c6200000, 0x00000000c6300000|  0%| F|  |TAMS 0x00000000c6200000, 0x00000000c6200000| Untracked 
|  43|0x00000000c6300000, 0x00000000c6300000, 0x00000000c6400000|  0%| F|  |TAMS 0x00000000c6300000, 0x00000000c6300000| Untracked 
|  44|0x00000000c6400000, 0x00000000c6400000, 0x00000000c6500000|  0%| F|  |TAMS 0x00000000c6400000, 0x00000000c6400000| Untracked 
|  45|0x00000000c6500000, 0x00000000c6500000, 0x00000000c6600000|  0%| F|  |TAMS 0x00000000c6500000, 0x00000000c6500000| Untracked 
|  46|0x00000000c6600000, 0x00000000c6600000, 0x00000000c6700000|  0%| F|  |TAMS 0x00000000c6600000, 0x00000000c6600000| Untracked 
|  47|0x00000000c6700000, 0x00000000c6700000, 0x00000000c6800000|  0%| F|  |TAMS 0x00000000c6700000, 0x00000000c6700000| Untracked 
|  48|0x00000000c6800000, 0x00000000c6800000, 0x00000000c6900000|  0%| F|  |TAMS 0x00000000c6800000, 0x00000000c6800000| Untracked 
|  49|0x00000000c6900000, 0x00000000c6900000, 0x00000000c6a00000|  0%| F|  |TAMS 0x00000000c6900000, 0x00000000c6900000| Untracked 
|  50|0x00000000c6a00000, 0x00000000c6a00000, 0x00000000c6b00000|  0%| F|  |TAMS 0x00000000c6a00000, 0x00000000c6a00000| Untracked 
|  51|0x00000000c6b00000, 0x00000000c6b00000, 0x00000000c6c00000|  0%| F|  |TAMS 0x00000000c6b00000, 0x00000000c6b00000| Untracked 
|  52|0x00000000c6c00000, 0x00000000c6c00000, 0x00000000c6d00000|  0%| F|  |TAMS 0x00000000c6c00000, 0x00000000c6c00000| Untracked 
|  53|0x00000000c6d00000, 0x00000000c6d00000, 0x00000000c6e00000|  0%| F|  |TAMS 0x00000000c6d00000, 0x00000000c6d00000| Untracked 
|  54|0x00000000c6e00000, 0x00000000c6e00000, 0x00000000c6f00000|  0%| F|  |TAMS 0x00000000c6e00000, 0x00000000c6e00000| Untracked 
|  55|0x00000000c6f00000, 0x00000000c6f00000, 0x00000000c7000000|  0%| F|  |TAMS 0x00000000c6f00000, 0x00000000c6f00000| Untracked 
|  56|0x00000000c7000000, 0x00000000c7000000, 0x00000000c7100000|  0%| F|  |TAMS 0x00000000c7000000, 0x00000000c7000000| Untracked 
|  57|0x00000000c7100000, 0x00000000c7100000, 0x00000000c7200000|  0%| F|  |TAMS 0x00000000c7100000, 0x00000000c7100000| Untracked 
|  58|0x00000000c7200000, 0x00000000c727b638, 0x00000000c7300000| 48%| E|  |TAMS 0x00000000c7200000, 0x00000000c7200000| Complete 
|  59|0x00000000c7300000, 0x00000000c7400000, 0x00000000c7400000|100%| E|CS|TAMS 0x00000000c7300000, 0x00000000c7300000| Complete 
|  60|0x00000000c7400000, 0x00000000c7500000, 0x00000000c7500000|100%| E|CS|TAMS 0x00000000c7400000, 0x00000000c7400000| Complete 
|  61|0x00000000c7500000, 0x00000000c7600000, 0x00000000c7600000|100%| E|CS|TAMS 0x00000000c7500000, 0x00000000c7500000| Complete 

Card table byte_map: [0x0000023799970000,0x0000023799b60000] _byte_map_base: 0x0000023799354000

Marking Bits (Prev, Next): (CMBitMap*) 0x00000237800b07b8, (CMBitMap*) 0x00000237800b07f0
 Prev Bits: [0x0000023799d50000, 0x000002379ac70000)
 Next Bits: [0x000002379ac70000, 0x000002379bb90000)

Polling page: 0x0000023780170000

Metaspace:

Usage:
  Non-class:      6.75 MB capacity,     6.65 MB ( 99%) used,    87.57 KB (  1%) free+waste,    10.00 KB ( <1%) overhead. 
      Class:    751.00 KB capacity,   682.36 KB ( 91%) used,    63.39 KB (  8%) free+waste,     5.25 KB ( <1%) overhead. 
       Both:      7.48 MB capacity,     7.32 MB ( 98%) used,   150.96 KB (  2%) free+waste,    15.25 KB ( <1%) overhead. 

Virtual space:
  Non-class space:        8.00 MB reserved,       6.75 MB ( 84%) committed 
      Class space:        1.00 GB reserved,     768.00 KB ( <1%) committed 
             Both:        1.01 GB reserved,       7.50 MB ( <1%) committed 

Chunk freelists:
   Non-Class:  640 bytes
       Class:  2.13 KB
        Both:  2.75 KB

CodeHeap 'non-profiled nmethods': size=120000Kb used=97Kb max_used=97Kb free=119902Kb
 bounds [0x00000237917e0000, 0x0000023791a50000, 0x0000023798d10000]
CodeHeap 'profiled nmethods': size=120000Kb used=577Kb max_used=577Kb free=119422Kb
 bounds [0x000002378a2b0000, 0x000002378a520000, 0x00000237917e0000]
CodeHeap 'non-nmethods': size=5760Kb used=1071Kb max_used=1071Kb free=4688Kb
 bounds [0x0000023789d10000, 0x0000023789f80000, 0x000002378a2b0000]
 total_blobs=738 nmethods=385 adapters=265
 compilation: enabled
              stopped_count=0, restarted_count=0
 full_count=0

Compilation events (10 events):
Event: 0.158 Thread 0x000002379e5d6000 nmethod 340 0x000002378a333210 code [0x000002378a333440, 0x000002378a3339f8]
Event: 0.158 Thread 0x000002379e5d6000  353       3       jdk.internal.org.objectweb.asm.ClassWriter::newNameType (10 bytes)
Event: 0.158 Thread 0x000002379e5d6000 nmethod 353 0x000002378a333c10 code [0x000002378a333dc0, 0x000002378a333ee8]
Event: 0.158 Thread 0x000002379e5d6000  354       3       jdk.internal.org.objectweb.asm.ClassWriter::newNameTypeItem (71 bytes)
Event: 0.158 Thread 0x000002379e5d6000 nmethod 354 0x000002378a334010 code [0x000002378a334240, 0x000002378a334698]
Event: 0.158 Thread 0x000002379e5d6000  348       3       java.lang.invoke.InvokerBytecodeGenerator::refKindOpcode (112 bytes)
Event: 0.159 Thread 0x000002379e5d6000 nmethod 348 0x000002378a334910 code [0x000002378a334b60, 0x000002378a335518]
Event: 0.160 Thread 0x000002379e5d6000  359       3       java.lang.Character::toUpperCase (6 bytes)
Event: 0.160 Thread 0x000002379e5d6000 nmethod 359 0x000002378a335810 code [0x000002378a3359e0, 0x000002378a335c18]
Event: 0.160 Thread 0x000002379e5d6000  361       3       java.lang.CharacterDataLatin1::toUpperCase (53 bytes)

GC Heap History (0 events):
No events

Deoptimization events (1 events):
Event: 0.061 Thread 0x0000023780085000 Uncommon trap: reason=unstable_if action=reinterpret pc=0x00000237917e44fc method=java.lang.String.hashCode()I @ 14 c2

Classes redefined (0 events):
No events

Internal exceptions (8 events):
Event: 0.094 Thread 0x0000023780085000 Exception <a 'java/lang/ClassNotFoundException'{0x00000000c7456b70}: sun/awt/resources/spi/awtProvider> (0x00000000c7456b70) thrown at [./open/src/hotspot/share/classfile/systemDictionary.cpp, line 228]
Event: 0.128 Thread 0x0000023780085000 Exception <a 'java/io/FileNotFoundException'{0x00000000c74efd30}> (0x00000000c74efd30) thrown at [./open/src/hotspot/share/prims/jni.cpp, line 611]
Event: 0.141 Thread 0x0000023780085000 Exception <a 'java/lang/NoSuchMethodError'{0x00000000c734b6a0}: java.lang.invoke.DirectMethodHandle$Holder.invokeStatic(Ljava/lang/Object;Ljava/lang/Object;Ljava/lang/Object;Ljava/lang/Object;Ljava/lang/Object;Ljava/lang/Object;Ljava/lang/Object;Ljava/lan
Event: 0.143 Thread 0x0000023780085000 Exception <a 'java/lang/NoSuchMethodError'{0x00000000c7359908}: java.lang.invoke.DirectMethodHandle$Holder.invokeStatic(Ljava/lang/Object;Ljava/lang/Object;Ljava/lang/Object;Ljava/lang/Object;Ljava/lang/Object;Ljava/lang/Object;Ljava/lang/Object;Ljava/lan
Event: 0.144 Thread 0x0000023780085000 Exception <a 'java/lang/NoSuchMethodError'{0x00000000c7367570}: java.lang.invoke.DirectMethodHandle$Holder.invokeSpecial(Ljava/lang/Object;Ljava/lang/Object;IILjava/lang/Object;Ljava/lang/Object;Ljava/lang/Object;)Ljava/lang/Object;> (0x00000000c7367570) 
Event: 0.144 Thread 0x0000023780085000 Exception <a 'java/lang/NoSuchMethodError'{0x00000000c736aaf8}: java.lang.invoke.DelegatingMethodHandle$Holder.reinvoke_L(Ljava/lang/Object;IILjava/lang/Object;Ljava/lang/Object;Ljava/lang/Object;)Ljava/lang/Object;> (0x00000000c736aaf8) thrown at [./open
Event: 0.144 Thread 0x0000023780085000 Exception <a 'java/lang/NoSuchMethodError'{0x00000000c736ebd8}: java.lang.invoke.DirectMethodHandle$Holder.invokeStatic(Ljava/lang/Object;Ljava/lang/Object;Ljava/lang/Object;Ljava/lang/Object;I)Ljava/lang/Object;> (0x00000000c736ebd8) thrown at [./open/sr
Event: 0.155 Thread 0x0000023780085000 Exception <a 'java/io/FileNotFoundException'{0x00000000c73d1840}> (0x00000000c73d1840) thrown at [./open/src/hotspot/share/prims/jni.cpp, line 611]

Events (10 events):
Event: 0.159 loading class java/util/TreeMap done
Event: 0.159 loading class java/lang/ProcessEnvironment$CheckedEntrySet
Event: 0.160 loading class java/lang/ProcessEnvironment$CheckedEntrySet done
Event: 0.160 loading class java/lang/ProcessEnvironment$CheckedEntrySet$1
Event: 0.160 loading class java/lang/ProcessEnvironment$CheckedEntrySet$1 done
Event: 0.160 loading class java/lang/ProcessEnvironment$CheckedEntry
Event: 0.160 loading class java/lang/ProcessEnvironment$CheckedEntry done
Event: 0.160 loading class java/util/TreeMap$Entry
Event: 0.160 loading class java/util/TreeMap$Entry done
Event: 0.160 loading class java/awt/event/InputEvent


Dynamic libraries:
0x00007ff6036c0000 - 0x00007ff6036cf000 	C:\Program Files\Java\jdk-11.0.10\bin\javaw.exe
0x00007fff255d0000 - 0x00007fff257c5000 	C:\WINDOWS\SYSTEM32\ntdll.dll
0x00007fff25320000 - 0x00007fff253dd000 	C:\WINDOWS\System32\KERNEL32.DLL
0x00007fff23060000 - 0x00007fff23328000 	C:\WINDOWS\System32\KERNELBASE.dll
0x00007fff22f60000 - 0x00007fff23060000 	C:\WINDOWS\System32\ucrtbase.dll
0x00007ffeff9d0000 - 0x00007ffeff9e8000 	C:\Program Files\Java\jdk-11.0.10\bin\jli.dll
0x00007ffeff9b0000 - 0x00007ffeff9c5000 	C:\Program Files\Java\jdk-11.0.10\bin\VCRUNTIME140.dll
0x00007fff24310000 - 0x00007fff243bc000 	C:\WINDOWS\System32\ADVAPI32.dll
0x00007fff23c30000 - 0x00007fff23cce000 	C:\WINDOWS\System32\msvcrt.dll
0x00007fff23da0000 - 0x00007fff23e3b000 	C:\WINDOWS\System32\sechost.dll
0x00007fff23e50000 - 0x00007fff23f7b000 	C:\WINDOWS\System32\RPCRT4.dll
0x00007fff24b70000 - 0x00007fff24d10000 	C:\WINDOWS\System32\USER32.dll
0x00007fff23600000 - 0x00007fff23622000 	C:\WINDOWS\System32\win32u.dll
0x00007fff09030000 - 0x00007fff092ca000 	C:\WINDOWS\WinSxS\amd64_microsoft.windows.common-controls_6595b64144ccf1df_6.0.19041.844_none_ca00b6081b84eb1d\COMCTL32.dll
0x00007fff241e0000 - 0x00007fff2420a000 	C:\WINDOWS\System32\GDI32.dll
0x00007fff234f0000 - 0x00007fff235fb000 	C:\WINDOWS\System32\gdi32full.dll
0x00007fff22d10000 - 0x00007fff22dad000 	C:\WINDOWS\System32\msvcp_win.dll
0x00007fff18cc0000 - 0x00007fff18cca000 	C:\WINDOWS\SYSTEM32\VERSION.dll
0x00007fff251a0000 - 0x00007fff251d0000 	C:\WINDOWS\System32\IMM32.DLL
0x00007ffefcb40000 - 0x00007ffefcbdb000 	C:\Program Files\Java\jdk-11.0.10\bin\msvcp140.dll
0x00007ffee58a0000 - 0x00007ffee639b000 	C:\Program Files\Java\jdk-11.0.10\bin\server\jvm.dll
0x00007fff23d30000 - 0x00007fff23d38000 	C:\WINDOWS\System32\PSAPI.DLL
0x00007fff0b5d0000 - 0x00007fff0b5d9000 	C:\WINDOWS\SYSTEM32\WSOCK32.dll
0x00007fff10ed0000 - 0x00007fff10ef7000 	C:\WINDOWS\SYSTEM32\WINMM.dll
0x00007fff24210000 - 0x00007fff2427b000 	C:\WINDOWS\System32\WS2_32.dll
0x00007fff21610000 - 0x00007fff21622000 	C:\WINDOWS\SYSTEM32\kernel.appcore.dll
0x00007fff1af10000 - 0x00007fff1af20000 	C:\Program Files\Java\jdk-11.0.10\bin\verify.dll
0x00007fff1d980000 - 0x00007fff1db64000 	C:\WINDOWS\SYSTEM32\DBGHELP.DLL
0x00007fff0b010000 - 0x00007fff0b03c000 	C:\WINDOWS\SYSTEM32\dbgcore.DLL
0x00007fff22e00000 - 0x00007fff22e80000 	C:\WINDOWS\System32\bcryptPrimitives.dll
0x00007ffeff580000 - 0x00007ffeff5a8000 	C:\Program Files\Java\jdk-11.0.10\bin\java.dll
0x00007fff18f20000 - 0x00007fff18f2a000 	C:\Program Files\Java\jdk-11.0.10\bin\jimage.dll
0x00007ffeff7f0000 - 0x00007ffeff806000 	C:\Program Files\Java\jdk-11.0.10\bin\zip.dll
0x00007fff243c0000 - 0x00007fff24b02000 	C:\WINDOWS\System32\SHELL32.dll
0x00007fff20e40000 - 0x00007fff215d0000 	C:\WINDOWS\SYSTEM32\windows.storage.dll
0x00007fff24e40000 - 0x00007fff25195000 	C:\WINDOWS\System32\combase.dll
0x00007fff22700000 - 0x00007fff2272c000 	C:\WINDOWS\SYSTEM32\Wldp.dll
0x00007fff23f80000 - 0x00007fff2402e000 	C:\WINDOWS\System32\SHCORE.dll
0x00007fff23d40000 - 0x00007fff23d95000 	C:\WINDOWS\System32\shlwapi.dll
0x00007fff22c50000 - 0x00007fff22c6f000 	C:\WINDOWS\SYSTEM32\profapi.dll
0x00007ffee4060000 - 0x00007ffee41fa000 	C:\Program Files\Java\jdk-11.0.10\bin\awt.dll
0x00007fff25250000 - 0x00007fff2531d000 	C:\WINDOWS\System32\OLEAUT32.dll
0x00007fff1d0e0000 - 0x00007fff1d170000 	C:\WINDOWS\SYSTEM32\apphelp.dll

dbghelp: loaded successfully - version: 4.0.5 - missing functions: none
symbol engine: initialized successfully - sym options: 0x614 - pdb path: .;C:\Program Files\Java\jdk-11.0.10\bin;C:\WINDOWS\SYSTEM32;C:\WINDOWS\WinSxS\amd64_microsoft.windows.common-controls_6595b64144ccf1df_6.0.19041.844_none_ca00b6081b84eb1d;C:\Program Files\Java\jdk-11.0.10\bin\server

VM Arguments:
jvm_args: -Dfile.encoding=Cp1252 
java_command: ui.Main
java_class_path (initial): D:\OneDrive - Hanoi University of Science and Technology\Workspace\Forstrous\bin
Launcher Type: SUN_STANDARD

[Global flags]
     intx CICompilerCount                          = 4                                         {product} {ergonomic}
     uint ConcGCThreads                            = 2                                         {product} {ergonomic}
     uint G1ConcRefinementThreads                  = 8                                         {product} {ergonomic}
   size_t G1HeapRegionSize                         = 1048576                                   {product} {ergonomic}
    uintx GCDrainStackTargetSize                   = 64                                        {product} {ergonomic}
   size_t InitialHeapSize                          = 65011712                                  {product} {ergonomic}
   size_t MarkStackSize                            = 4194304                                   {product} {ergonomic}
   size_t MaxHeapSize                              = 1015021568                                {product} {ergonomic}
   size_t MaxNewSize                               = 608174080                                 {product} {ergonomic}
   size_t MinHeapDeltaBytes                        = 1048576                                   {product} {ergonomic}
    uintx NonNMethodCodeHeapSize                   = 5836300                                {pd product} {ergonomic}
    uintx NonProfiledCodeHeapSize                  = 122910970                              {pd product} {ergonomic}
    uintx ProfiledCodeHeapSize                     = 122910970                              {pd product} {ergonomic}
    uintx ReservedCodeCacheSize                    = 251658240                              {pd product} {ergonomic}
     bool SegmentedCodeCache                       = true                                      {product} {ergonomic}
     bool UseCompressedClassPointers               = true                                 {lp64_product} {ergonomic}
     bool UseCompressedOops                        = true                                 {lp64_product} {ergonomic}
     bool UseG1GC                                  = true                                      {product} {ergonomic}
     bool UseLargePagesIndividualAllocation        = false                                  {pd product} {ergonomic}

Logging:
Log output configuration:
 #0: stdout all=warning uptime,level,tags
 #1: stderr all=off uptime,level,tags

Environment Variables:
PATH=C:\Program Files\Common Files\Oracle\Java\javapath;C:\Windows\System32;C:\Windows;C:\Windows\System32\wbem;C:\Windows\System32\WindowsPowerShell\v1.0\;C:\Windows\System32\OpenSSH\;C:\Users\Admin\AppData\Local\Programs\Python\Python38-32\;C:\Users\Admin\AppData\Local\Programs\Python\Python38-32\Scripts\;C:\Program Files\Graphviz 2.44.1\bin;C:\Program Files (x86)\GnuPG\bin;C:\Program Files\Java\jdk-11.0.10\bin;C:\Program Files\Git\cmd;C:\Users\Admin\AppData\Local\Microsoft\WindowsApps;C:\Users\Admin\AppData\Local\GitHubDesktop\bin;
USERNAME=Admin
OS=Windows_NT
PROCESSOR_IDENTIFIER=Intel64 Family 6 Model 126 Stepping 5, GenuineIntel



---------------  S Y S T E M  ---------------

OS: Windows 10 , 64 bit Build 19041 (10.0.19041.928)

CPU:total 8 (initial active 8) (4 cores per cpu, 2 threads per core) family 6 model 126 stepping 5 microcode 0xa0, cmov, cx8, fxsr, mmx, sse, sse2, sse3, ssse3, sse4.1, sse4.2, popcnt, avx, avx2, aes, clmul, erms, 3dnowpref, lzcnt, ht, tsc, tscinvbit, bmi1, bmi2, adx, evex, sha, fma

Memory: 4k page, system-wide physical 3871M (397M free)
TotalPageFile size 5250M (AvailPageFile size 1M)
current process WorkingSet (physical memory assigned to process): 38M, peak: 38M
current process commit charge ("private bytes"): 140M, peak: 140M

vm_info: Java HotSpot(TM) 64-Bit Server VM (11.0.10+8-LTS-162) for windows-amd64 JRE (11.0.10+8-LTS-162), built on Dec  8 2020 16:32:57 by "mach5one" with MS VC++ 15.9 (VS2017)

END.
